<?xml version="1.0" encoding="UTF-8"?>
<!-- Generated by org.testng.reporters.JUnitXMLReporter -->
<testsuite ignored="5" hostname="DESKTOP-01EKQH3" failures="11" tests="11" name="Test" time="0.232" errors="0" timestamp="2022-12-31T14:45:38 IST">
  <testcase classname="com.abc.testcases.LogInPageTestCases" name="TC2" time="0.007">
    <failure type="java.lang.NullPointerException" message="Cannot invoke &amp;quot;com.aventstack.extentreports.ExtentReports.createTest(String)&amp;quot; because &amp;quot;com.abc.reporter.Reporter.report&amp;quot; is null">
      <![CDATA[java.lang.NullPointerException: Cannot invoke "com.aventstack.extentreports.ExtentReports.createTest(String)" because "com.abc.reporter.Reporter.report" is null
at com.abc.reporter.Reporter.createTest(Reporter.java:33)
at com.abc.testcases.LogInPageTestCases.TC2(LogInPageTestCases.java:57)
at java.base/java.util.ArrayList.forEach(ArrayList.java:1511)
... Removed 27 stack frames]]>
    </failure>
  </testcase> <!-- TC2 -->
  <testcase classname="com.abc.testcases.LogInPageTestCases" name="TC1" time="0.167">
    <failure type="java.lang.NullPointerException" message="Cannot invoke &amp;quot;org.openqa.selenium.WebDriver.findElement(org.openqa.selenium.By)&amp;quot; because &amp;quot;com.abc.commonfunctionality.browser.driver&amp;quot; is null">
      <![CDATA[java.lang.NullPointerException: Cannot invoke "org.openqa.selenium.WebDriver.findElement(org.openqa.selenium.By)" because "com.abc.commonfunctionality.browser.driver" is null
at com.abc.pages.LogInPage.getUsernametxt(LogInPage.java:58)
at com.abc.pages.LogInPage.loginfunctionality(LogInPage.java:110)
at com.abc.pages.LogInPage.<init>(LogInPage.java:15)
at com.abc.testcases.LogInPageTestCases.TC1(LogInPageTestCases.java:44)
at java.base/java.util.ArrayList.forEach(ArrayList.java:1511)
... Removed 27 stack frames]]>
    </failure>
  </testcase> <!-- TC1 -->
  <testcase classname="com.abc.testcases.ResetPasswordTestCase" name="TC1" time="0.001">
    <failure type="java.lang.NullPointerException" message="Cannot invoke &amp;quot;org.openqa.selenium.WebDriver.findElement(org.openqa.selenium.By)&amp;quot; because &amp;quot;com.abc.commonfunctionality.browser.driver&amp;quot; is null">
      <![CDATA[java.lang.NullPointerException: Cannot invoke "org.openqa.selenium.WebDriver.findElement(org.openqa.selenium.By)" because "com.abc.commonfunctionality.browser.driver" is null
at com.abc.pages.LogInPage.getFogotyourpasswordlink(LogInPage.java:74)
at com.abc.pages.LogInPage.forgotpasswordfunctionality(LogInPage.java:117)
at com.abc.testcases.ResetPasswordTestCase.TC1(ResetPasswordTestCase.java:34)
at java.base/java.util.ArrayList.forEach(ArrayList.java:1511)
... Removed 27 stack frames]]>
    </failure>
  </testcase> <!-- TC1 -->
  <testcase classname="com.abc.testcases.ResetPasswordTestCase" name="TC2" time="0.001">
    <failure type="java.lang.NullPointerException" message="Cannot invoke &amp;quot;org.openqa.selenium.WebDriver.findElement(org.openqa.selenium.By)&amp;quot; because &amp;quot;com.abc.commonfunctionality.browser.driver&amp;quot; is null">
      <![CDATA[java.lang.NullPointerException: Cannot invoke "org.openqa.selenium.WebDriver.findElement(org.openqa.selenium.By)" because "com.abc.commonfunctionality.browser.driver" is null
at com.abc.pages.LogInPage.getFogotyourpasswordlink(LogInPage.java:74)
at com.abc.pages.LogInPage.forgotpasswordfunctionality(LogInPage.java:117)
at com.abc.testcases.ResetPasswordTestCase.TC2(ResetPasswordTestCase.java:56)
at java.base/java.util.ArrayList.forEach(ArrayList.java:1511)
... Removed 27 stack frames]]>
    </failure>
  </testcase> <!-- TC2 -->
  <testcase classname="com.abc.testcases.PIMPageTestCase" name="TC1" time="0.002">
    <failure type="java.lang.NullPointerException" message="Cannot invoke &amp;quot;org.openqa.selenium.WebDriver.findElement(org.openqa.selenium.By)&amp;quot; because &amp;quot;com.abc.commonfunctionality.browser.driver&amp;quot; is null">
      <![CDATA[java.lang.NullPointerException: Cannot invoke "org.openqa.selenium.WebDriver.findElement(org.openqa.selenium.By)" because "com.abc.commonfunctionality.browser.driver" is null
at com.abc.pages.PIMPage.getUsernametxt(PIMPage.java:85)
at com.abc.pages.LogInPage.loginfunctionality(LogInPage.java:110)
at com.abc.pages.LogInPage.<init>(LogInPage.java:15)
at com.abc.pages.HomePage.<init>(HomePage.java:15)
at com.abc.pages.PIMPage.<init>(PIMPage.java:13)
at com.abc.testcases.PIMPageTestCase.TC1(PIMPageTestCase.java:40)
at java.base/java.util.ArrayList.forEach(ArrayList.java:1511)
... Removed 27 stack frames]]>
    </failure>
  </testcase> <!-- TC1 -->
  <testcase classname="com.abc.testcases.AdminPageTestCase" name="TC1" time="0.002">
    <failure type="java.lang.NullPointerException" message="Cannot invoke &amp;quot;org.openqa.selenium.WebDriver.findElement(org.openqa.selenium.By)&amp;quot; because &amp;quot;com.abc.commonfunctionality.browser.driver&amp;quot; is null">
      <![CDATA[java.lang.NullPointerException: Cannot invoke "org.openqa.selenium.WebDriver.findElement(org.openqa.selenium.By)" because "com.abc.commonfunctionality.browser.driver" is null
at com.abc.pages.AdminPage.getAddbutton(AdminPage.java:54)
at com.abc.pages.AdminPage.adduserfunctionality(AdminPage.java:128)
at com.abc.testcases.AdminPageTestCase.TC1(AdminPageTestCase.java:39)
at java.base/java.util.ArrayList.forEach(ArrayList.java:1511)
... Removed 27 stack frames]]>
    </failure>
  </testcase> <!-- TC1 -->
  <testcase classname="com.abc.testcases.AdminPageTestCase" name="TC2" time="0.001">
    <failure type="java.lang.NullPointerException" message="Cannot invoke &amp;quot;org.openqa.selenium.WebDriver.findElement(org.openqa.selenium.By)&amp;quot; because &amp;quot;com.abc.commonfunctionality.browser.driver&amp;quot; is null">
      <![CDATA[java.lang.NullPointerException: Cannot invoke "org.openqa.selenium.WebDriver.findElement(org.openqa.selenium.By)" because "com.abc.commonfunctionality.browser.driver" is null
at com.abc.pages.AdminPage.getUsernametxt1(AdminPage.java:183)
at com.abc.pages.AdminPage.usersearchfunctionality(AdminPage.java:254)
at com.abc.testcases.AdminPageTestCase.TC2(AdminPageTestCase.java:56)
at java.base/java.util.ArrayList.forEach(ArrayList.java:1511)
... Removed 27 stack frames]]>
    </failure>
  </testcase> <!-- TC2 -->
  <testcase classname="com.abc.testcases.HomePageTestCases" name="TC2" time="0.001">
    <failure type="java.lang.NullPointerException" message="Cannot invoke &amp;quot;org.openqa.selenium.WebDriver.findElement(org.openqa.selenium.By)&amp;quot; because &amp;quot;com.abc.commonfunctionality.browser.driver&amp;quot; is null">
      <![CDATA[java.lang.NullPointerException: Cannot invoke "org.openqa.selenium.WebDriver.findElement(org.openqa.selenium.By)" because "com.abc.commonfunctionality.browser.driver" is null
at com.abc.pages.HomePage.getSearchbartxt(HomePage.java:81)
at com.abc.pages.HomePage.searchbarfunctionality(HomePage.java:194)
at com.abc.testcases.HomePageTestCases.TC2(HomePageTestCases.java:62)
at java.base/java.util.ArrayList.forEach(ArrayList.java:1511)
... Removed 27 stack frames]]>
    </failure>
  </testcase> <!-- TC2 -->
  <testcase classname="com.abc.testcases.HomePageTestCases" name="TC3" time="0.001">
    <failure type="java.lang.NullPointerException" message="Cannot invoke &amp;quot;org.openqa.selenium.WebDriver.findElement(org.openqa.selenium.By)&amp;quot; because &amp;quot;com.abc.commonfunctionality.browser.driver&amp;quot; is null">
      <![CDATA[java.lang.NullPointerException: Cannot invoke "org.openqa.selenium.WebDriver.findElement(org.openqa.selenium.By)" because "com.abc.commonfunctionality.browser.driver" is null
at com.abc.pages.HomePage.getContractarrowbutton(HomePage.java:86)
at com.abc.pages.HomePage.arrowfunctionality(HomePage.java:202)
at com.abc.testcases.HomePageTestCases.TC3(HomePageTestCases.java:94)
at java.base/java.util.ArrayList.forEach(ArrayList.java:1511)
... Removed 27 stack frames]]>
    </failure>
  </testcase> <!-- TC3 -->
  <testcase classname="com.abc.testcases.HomePageTestCases" name="TC6" time="0.001">
    <failure type="java.lang.NullPointerException" message="Cannot invoke &amp;quot;org.openqa.selenium.WebDriver.findElement(org.openqa.selenium.By)&amp;quot; because &amp;quot;com.abc.commonfunctionality.browser.driver&amp;quot; is null">
      <![CDATA[java.lang.NullPointerException: Cannot invoke "org.openqa.selenium.WebDriver.findElement(org.openqa.selenium.By)" because "com.abc.commonfunctionality.browser.driver" is null
at com.abc.pages.HomePage.getCandidateoptiondropdown(HomePage.java:149)
at com.abc.pages.HomePage.changePasswordFunctionality(HomePage.java:243)
at com.abc.testcases.HomePageTestCases.TC6(HomePageTestCases.java:165)
at java.base/java.util.ArrayList.forEach(ArrayList.java:1511)
... Removed 27 stack frames]]>
    </failure>
  </testcase> <!-- TC6 -->
  <testcase classname="com.abc.testcases.HomePageTestCases" name="TC7" time="0.001">
    <failure type="java.lang.NullPointerException" message="Cannot invoke &amp;quot;org.openqa.selenium.WebDriver.findElement(org.openqa.selenium.By)&amp;quot; because &amp;quot;com.abc.commonfunctionality.browser.driver&amp;quot; is null">
      <![CDATA[java.lang.NullPointerException: Cannot invoke "org.openqa.selenium.WebDriver.findElement(org.openqa.selenium.By)" because "com.abc.commonfunctionality.browser.driver" is null
at com.abc.pages.HomePage.getCandidateoptiondropdown(HomePage.java:149)
at com.abc.pages.HomePage.logOutFunctionality(HomePage.java:254)
at com.abc.testcases.HomePageTestCases.TC7(HomePageTestCases.java:190)
at java.base/java.util.ArrayList.forEach(ArrayList.java:1511)
... Removed 27 stack frames]]>
    </failure>
  </testcase> <!-- TC7 -->
  <testcase classname="com.abc.testcases.HomePageTestCases" name="TC4" time="0.0">
    <ignored/>
  </testcase> <!-- TC4 -->
  <testcase classname="com.abc.testcases.LogInPageTestCases" name="TC3" time="0.0">
    <ignored/>
  </testcase> <!-- TC3 -->
  <testcase classname="com.abc.testcases.LogInPageTestCases" name="TC4" time="0.0">
    <ignored/>
  </testcase> <!-- TC4 -->
  <testcase classname="com.abc.testcases.HomePageTestCases" name="TC1" time="0.0">
    <ignored/>
  </testcase> <!-- TC1 -->
  <testcase classname="com.abc.testcases.HomePageTestCases" name="TC5" time="0.0">
    <ignored/>
  </testcase> <!-- TC5 -->
</testsuite> <!-- Test -->
